# JRE version: Java(TM) SE Runtime Environment (17.0.2+8) (build 17.0.2+8-LTS-86)
# Java VM: Java HotSpot(TM) 64-Bit Server VM (17.0.2+8-LTS-86, mixed mode, sharing, tiered, compressed oops, compressed class ptrs, g1 gc, windows-amd64)
GC Precious Log:
 CPUs: 4 total, 4 available
 Memory: 5084M
 Large Page Support: Disabled
 NUMA Support: Disabled
 Compressed Oops: Enabled (32-bit)
 Heap Region Size: 1M
 Heap Min Capacity: 8M
 Heap Initial Capacity: 80M
 Heap Max Capacity: 1536M
 Pre-touch: Disabled
 Parallel Workers: 4
 Concurrent Workers: 1
 Concurrent Refinement Workers: 4
 Periodic GC: Disabled
Heap:
 garbage-first heap   total 138240K, used 97838K [0x00000000a0000000, 0x0000000100000000)
  region size 1024K, 5 young (5120K), 3 survivors (3072K)
 Metaspace       used 82318K, committed 83136K, reserved 1122304K
  class space    used 11224K, committed 11584K, reserved 1048576K
GC Heap History (20 events):
Event: 141.705 GC heap before
{Heap before GC invocations=49 (full 0):
 garbage-first heap   total 135168K, used 107447K [0x00000000a0000000, 0x0000000100000000)
  region size 1024K, 30 young (30720K), 1 survivors (1024K)
 Metaspace       used 66462K, committed 67136K, reserved 1114112K
  class space    used 8978K, committed 9280K, reserved 1048576K
}
Event: 141.712 GC heap after
{Heap after GC invocations=50 (full 0):
 garbage-first heap   total 135168K, used 79274K [0x00000000a0000000, 0x0000000100000000)
  region size 1024K, 2 young (2048K), 2 survivors (2048K)
 Metaspace       used 66462K, committed 67136K, reserved 1114112K
  class space    used 8978K, committed 9280K, reserved 1048576K
}
Event: 143.901 GC heap before
{Heap before GC invocations=51 (full 0):
 garbage-first heap   total 138240K, used 108970K [0x00000000a0000000, 0x0000000100000000)
  region size 1024K, 31 young (31744K), 2 survivors (2048K)
 Metaspace       used 67466K, committed 68032K, reserved 1114112K
  class space    used 9163K, committed 9408K, reserved 1048576K
}
Event: 143.924 GC heap after
{Heap after GC invocations=52 (full 0):
 garbage-first heap   total 138240K, used 82752K [0x00000000a0000000, 0x0000000100000000)
  region size 1024K, 4 young (4096K), 4 survivors (4096K)
 Metaspace       used 67466K, committed 68032K, reserved 1114112K
  class space    used 9163K, committed 9408K, reserved 1048576K
}
Event: 144.157 GC heap before
{Heap before GC invocations=52 (full 0):
 garbage-first heap   total 138240K, used 84800K [0x00000000a0000000, 0x0000000100000000)
  region size 1024K, 6 young (6144K), 4 survivors (4096K)
 Metaspace       used 67531K, committed 68224K, reserved 1114112K
  class space    used 9176K, committed 9472K, reserved 1048576K
}
Event: 144.175 GC heap after
{Heap after GC invocations=53 (full 0):
 garbage-first heap   total 138240K, used 83000K [0x00000000a0000000, 0x0000000100000000)
  region size 1024K, 1 young (1024K), 1 survivors (1024K)
 Metaspace       used 67531K, committed 68224K, reserved 1114112K
  class space    used 9176K, committed 9472K, reserved 1048576K
}
Event: 146.475 GC heap before
{Heap before GC invocations=53 (full 0):
 garbage-first heap   total 138240K, used 110648K [0x00000000a0000000, 0x0000000100000000)
  region size 1024K, 29 young (29696K), 1 survivors (1024K)
 Metaspace       used 69854K, committed 70592K, reserved 1114112K
  class space    used 9416K, committed 9728K, reserved 1048576K
}
Event: 146.487 GC heap after
{Heap after GC invocations=54 (full 0):
 garbage-first heap   total 138240K, used 87211K [0x00000000a0000000, 0x0000000100000000)
  region size 1024K, 4 young (4096K), 4 survivors (4096K)
 Metaspace       used 69854K, committed 70592K, reserved 1114112K
  class space    used 9416K, committed 9728K, reserved 1048576K
}
Event: 149.052 GC heap before
{Heap before GC invocations=54 (full 0):
 garbage-first heap   total 138240K, used 111787K [0x00000000a0000000, 0x0000000100000000)
  region size 1024K, 29 young (29696K), 4 survivors (4096K)
 Metaspace       used 72476K, committed 73280K, reserved 1114112K
  class space    used 9846K, committed 10240K, reserved 1048576K
}
Event: 149.066 GC heap after
{Heap after GC invocations=55 (full 0):
 garbage-first heap   total 138240K, used 89326K [0x00000000a0000000, 0x0000000100000000)
  region size 1024K, 2 young (2048K), 2 survivors (2048K)
 Metaspace       used 72476K, committed 73280K, reserved 1114112K
  class space    used 9846K, committed 10240K, reserved 1048576K
}
Event: 152.086 GC heap before
{Heap before GC invocations=55 (full 0):
 garbage-first heap   total 138240K, used 113902K [0x00000000a0000000, 0x0000000100000000)
  region size 1024K, 26 young (26624K), 2 survivors (2048K)
 Metaspace       used 73911K, committed 74688K, reserved 1114112K
  class space    used 10063K, committed 10432K, reserved 1048576K
}
Event: 152.098 GC heap after
{Heap after GC invocations=56 (full 0):
 garbage-first heap   total 138240K, used 90473K [0x00000000a0000000, 0x0000000100000000)
  region size 1024K, 4 young (4096K), 4 survivors (4096K)
 Metaspace       used 73911K, committed 74688K, reserved 1114112K
  class space    used 10063K, committed 10432K, reserved 1048576K
}
Event: 154.084 GC heap before
{Heap before GC invocations=56 (full 0):
 garbage-first heap   total 138240K, used 114025K [0x00000000a0000000, 0x0000000100000000)
  region size 1024K, 27 young (27648K), 4 survivors (4096K)
 Metaspace       used 75223K, committed 75968K, reserved 1114112K
  class space    used 10217K, committed 10560K, reserved 1048576K
}
Event: 154.096 GC heap after
{Heap after GC invocations=57 (full 0):
 garbage-first heap   total 138240K, used 92709K [0x00000000a0000000, 0x0000000100000000)
  region size 1024K, 4 young (4096K), 4 survivors (4096K)
 Metaspace       used 75223K, committed 75968K, reserved 1114112K
  class space    used 10217K, committed 10560K, reserved 1048576K
}
Event: 157.585 GC heap before
{Heap before GC invocations=57 (full 0):
 garbage-first heap   total 138240K, used 116261K [0x00000000a0000000, 0x0000000100000000)
  region size 1024K, 27 young (27648K), 4 survivors (4096K)
 Metaspace       used 79025K, committed 79744K, reserved 1122304K
  class space    used 10760K, committed 11072K, reserved 1048576K
}
Event: 157.601 GC heap after
{Heap after GC invocations=58 (full 0):
 garbage-first heap   total 138240K, used 94636K [0x00000000a0000000, 0x0000000100000000)
  region size 1024K, 2 young (2048K), 2 survivors (2048K)
 Metaspace       used 79025K, committed 79744K, reserved 1122304K
  class space    used 10760K, committed 11072K, reserved 1048576K
}
Event: 158.854 GC heap before
{Heap before GC invocations=58 (full 0):
 garbage-first heap   total 138240K, used 117164K [0x00000000a0000000, 0x0000000100000000)
  region size 1024K, 24 young (24576K), 2 survivors (2048K)
 Metaspace       used 80490K, committed 81280K, reserved 1122304K
  class space    used 10973K, committed 11328K, reserved 1048576K
}
Event: 158.864 GC heap after
{Heap after GC invocations=59 (full 0):
 garbage-first heap   total 138240K, used 95675K [0x00000000a0000000, 0x0000000100000000)
  region size 1024K, 2 young (2048K), 2 survivors (2048K)
 Metaspace       used 80490K, committed 81280K, reserved 1122304K
  class space    used 10973K, committed 11328K, reserved 1048576K
}
Event: 194.338 GC heap before
{Heap before GC invocations=59 (full 0):
 garbage-first heap   total 138240K, used 116155K [0x00000000a0000000, 0x0000000100000000)
  region size 1024K, 22 young (22528K), 2 survivors (2048K)
 Metaspace       used 82213K, committed 83008K, reserved 1122304K
  class space    used 11209K, committed 11584K, reserved 1048576K
}
Event: 194.346 GC heap after
{Heap after GC invocations=60 (full 0):
 garbage-first heap   total 138240K, used 96814K [0x00000000a0000000, 0x0000000100000000)
  region size 1024K, 3 young (3072K), 3 survivors (3072K)
 Metaspace       used 82213K, committed 83008K, reserved 1122304K
  class space    used 11209K, committed 11584K, reserved 1048576K
}

