# JRE version: Java(TM) SE Runtime Environment (17.0.2+8) (build 17.0.2+8-LTS-86)
# Java VM: Java HotSpot(TM) 64-Bit Server VM (17.0.2+8-LTS-86, mixed mode, sharing, tiered, compressed oops, compressed class ptrs, g1 gc, windows-amd64)
GC Precious Log:
 CPUs: 4 total, 4 available
 Memory: 5084M
 Large Page Support: Disabled
 NUMA Support: Disabled
 Compressed Oops: Enabled (32-bit)
 Heap Region Size: 1M
 Heap Min Capacity: 8M
 Heap Initial Capacity: 80M
 Heap Max Capacity: 1536M
 Pre-touch: Disabled
 Parallel Workers: 4
 Concurrent Workers: 1
 Concurrent Refinement Workers: 4
 Periodic GC: Disabled
Heap:
 garbage-first heap   total 81920K, used 29758K [0x00000000a0000000, 0x0000000100000000)
  region size 1024K, 20 young (20480K), 6 survivors (6144K)
 Metaspace       used 14858K, committed 15168K, reserved 1064960K
  class space    used 2154K, committed 2304K, reserved 1048576K
GC Heap History (8 events):
Event: 1.917 GC heap before
{Heap before GC invocations=0 (full 0):
 garbage-first heap   total 81920K, used 16384K [0x00000000a0000000, 0x0000000100000000)
  region size 1024K, 13 young (13312K), 0 survivors (0K)
 Metaspace       used 943K, committed 1088K, reserved 1056768K
  class space    used 73K, committed 128K, reserved 1048576K
}
Event: 1.924 GC heap after
{Heap after GC invocations=1 (full 0):
 garbage-first heap   total 81920K, used 3564K [0x00000000a0000000, 0x0000000100000000)
  region size 1024K, 2 young (2048K), 2 survivors (2048K)
 Metaspace       used 943K, committed 1088K, reserved 1056768K
  class space    used 73K, committed 128K, reserved 1048576K
}
Event: 4.805 GC heap before
{Heap before GC invocations=1 (full 0):
 garbage-first heap   total 81920K, used 21996K [0x00000000a0000000, 0x0000000100000000)
  region size 1024K, 17 young (17408K), 2 survivors (2048K)
 Metaspace       used 3768K, committed 3968K, reserved 1056768K
  class space    used 474K, committed 576K, reserved 1048576K
}
Event: 4.817 GC heap after
{Heap after GC invocations=2 (full 0):
 garbage-first heap   total 81920K, used 9540K [0x00000000a0000000, 0x0000000100000000)
  region size 1024K, 3 young (3072K), 3 survivors (3072K)
 Metaspace       used 3768K, committed 3968K, reserved 1056768K
  class space    used 474K, committed 576K, reserved 1048576K
}
Event: 5.675 GC heap before
{Heap before GC invocations=2 (full 0):
 garbage-first heap   total 81920K, used 30020K [0x00000000a0000000, 0x0000000100000000)
  region size 1024K, 23 young (23552K), 3 survivors (3072K)
 Metaspace       used 3870K, committed 4096K, reserved 1056768K
  class space    used 475K, committed 576K, reserved 1048576K
}
Event: 5.686 GC heap after
{Heap after GC invocations=3 (full 0):
 garbage-first heap   total 81920K, used 12113K [0x00000000a0000000, 0x0000000100000000)
  region size 1024K, 3 young (3072K), 3 survivors (3072K)
 Metaspace       used 3870K, committed 4096K, reserved 1056768K
  class space    used 475K, committed 576K, reserved 1048576K
}
Event: 14.218 GC heap before
{Heap before GC invocations=3 (full 0):
 garbage-first heap   total 81920K, used 57169K [0x00000000a0000000, 0x0000000100000000)
  region size 1024K, 47 young (48128K), 3 survivors (3072K)
 Metaspace       used 12701K, committed 12992K, reserved 1064960K
  class space    used 1787K, committed 1920K, reserved 1048576K
}
Event: 14.235 GC heap after
{Heap after GC invocations=4 (full 0):
 garbage-first heap   total 81920K, used 17470K [0x00000000a0000000, 0x0000000100000000)
  region size 1024K, 6 young (6144K), 6 survivors (6144K)
 Metaspace       used 12701K, committed 12992K, reserved 1064960K
  class space    used 1787K, committed 1920K, reserved 1048576K
}

