# JRE version: OpenJDK Runtime Environment (11.0.13) (build 11.0.13+0-b1751.21-8125866)
# Java VM: OpenJDK 64-Bit Server VM (11.0.13+0-b1751.21-8125866, mixed mode, tiered, compressed oops, g1 gc, windows-amd64)
Heap:
 garbage-first heap   total 183296K, used 119294K [0x00000000a0000000, 0x0000000100000000)
  region size 1024K, 35 young (35840K), 7 survivors (7168K)
 Metaspace       used 94718K, capacity 97464K, committed 97616K, reserved 1134592K
  class space    used 12205K, capacity 13229K, committed 13312K, reserved 1048576K
GC Heap History (20 events):
Event: 120.091 GC heap before
{Heap before GC invocations=79 (full 0):
 garbage-first heap   total 98304K, used 79922K [0x00000000a0000000, 0x0000000100000000)
  region size 1024K, 8 young (8192K), 1 survivors (1024K)
 Metaspace       used 74600K, capacity 76475K, committed 76752K, reserved 1116160K
  class space    used 9339K, capacity 10013K, committed 10112K, reserved 1048576K
}
Event: 120.099 GC heap after
{Heap after GC invocations=80 (full 0):
 garbage-first heap   total 98304K, used 73168K [0x00000000a0000000, 0x0000000100000000)
  region size 1024K, 1 young (1024K), 1 survivors (1024K)
 Metaspace       used 74600K, capacity 76475K, committed 76752K, reserved 1116160K
  class space    used 9339K, capacity 10013K, committed 10112K, reserved 1048576K
}
Event: 120.444 GC heap before
{Heap before GC invocations=80 (full 0):
 garbage-first heap   total 98304K, used 80336K [0x00000000a0000000, 0x0000000100000000)
  region size 1024K, 8 young (8192K), 1 survivors (1024K)
 Metaspace       used 74744K, capacity 76621K, committed 76752K, reserved 1116160K
  class space    used 9355K, capacity 10019K, committed 10112K, reserved 1048576K
}
Event: 120.450 GC heap after
{Heap after GC invocations=81 (full 0):
 garbage-first heap   total 98304K, used 73800K [0x00000000a0000000, 0x0000000100000000)
  region size 1024K, 1 young (1024K), 1 survivors (1024K)
 Metaspace       used 74744K, capacity 76621K, committed 76752K, reserved 1116160K
  class space    used 9355K, capacity 10019K, committed 10112K, reserved 1048576K
}
Event: 120.607 GC heap before
{Heap before GC invocations=82 (full 0):
 garbage-first heap   total 98304K, used 80968K [0x00000000a0000000, 0x0000000100000000)
  region size 1024K, 8 young (8192K), 1 survivors (1024K)
 Metaspace       used 74744K, capacity 76621K, committed 76752K, reserved 1116160K
  class space    used 9355K, capacity 10019K, committed 10112K, reserved 1048576K
}
Event: 120.615 GC heap after
{Heap after GC invocations=83 (full 0):
 garbage-first heap   total 145408K, used 74052K [0x00000000a0000000, 0x0000000100000000)
  region size 1024K, 1 young (1024K), 1 survivors (1024K)
 Metaspace       used 74744K, capacity 76621K, committed 76752K, reserved 1116160K
  class space    used 9355K, capacity 10019K, committed 10112K, reserved 1048576K
}
Event: 121.877 GC heap before
{Heap before GC invocations=83 (full 0):
 garbage-first heap   total 145408K, used 96580K [0x00000000a0000000, 0x0000000100000000)
  region size 1024K, 23 young (23552K), 1 survivors (1024K)
 Metaspace       used 75330K, capacity 77484K, committed 77648K, reserved 1116160K
  class space    used 9420K, capacity 10137K, committed 10240K, reserved 1048576K
}
Event: 121.889 GC heap after
{Heap after GC invocations=84 (full 0):
 garbage-first heap   total 145408K, used 75884K [0x00000000a0000000, 0x0000000100000000)
  region size 1024K, 3 young (3072K), 3 survivors (3072K)
 Metaspace       used 75330K, capacity 77484K, committed 77648K, reserved 1116160K
  class space    used 9420K, capacity 10137K, committed 10240K, reserved 1048576K
}
Event: 125.180 GC heap before
{Heap before GC invocations=85 (full 0):
 garbage-first heap   total 145408K, used 99436K [0x00000000a0000000, 0x0000000100000000)
  region size 1024K, 26 young (26624K), 3 survivors (3072K)
 Metaspace       used 77691K, capacity 79840K, committed 79952K, reserved 1118208K
  class space    used 9772K, capacity 10492K, committed 10496K, reserved 1048576K
}
Event: 125.192 GC heap after
{Heap after GC invocations=86 (full 0):
 garbage-first heap   total 145408K, used 77320K [0x00000000a0000000, 0x0000000100000000)
  region size 1024K, 4 young (4096K), 4 survivors (4096K)
 Metaspace       used 77691K, capacity 79840K, committed 79952K, reserved 1118208K
  class space    used 9772K, capacity 10492K, committed 10496K, reserved 1048576K
}
Event: 128.013 GC heap before
{Heap before GC invocations=86 (full 0):
 garbage-first heap   total 145408K, used 101896K [0x00000000a0000000, 0x0000000100000000)
  region size 1024K, 29 young (29696K), 4 survivors (4096K)
 Metaspace       used 80440K, capacity 82561K, committed 82768K, reserved 1122304K
  class space    used 10259K, capacity 10995K, committed 11008K, reserved 1048576K
}
Event: 128.027 GC heap after
{Heap after GC invocations=87 (full 0):
 garbage-first heap   total 145408K, used 78776K [0x00000000a0000000, 0x0000000100000000)
  region size 1024K, 3 young (3072K), 3 survivors (3072K)
 Metaspace       used 80440K, capacity 82561K, committed 82768K, reserved 1122304K
  class space    used 10259K, capacity 10995K, committed 11008K, reserved 1048576K
}
Event: 130.070 GC heap before
{Heap before GC invocations=88 (full 0):
 garbage-first heap   total 145408K, used 106424K [0x00000000a0000000, 0x0000000100000000)
  region size 1024K, 30 young (30720K), 3 survivors (3072K)
 Metaspace       used 81650K, capacity 83829K, committed 84048K, reserved 1122304K
  class space    used 10424K, capacity 11181K, committed 11264K, reserved 1048576K
}
Event: 130.088 GC heap after
{Heap after GC invocations=89 (full 0):
 garbage-first heap   total 183296K, used 81168K [0x00000000a0000000, 0x0000000100000000)
  region size 1024K, 4 young (4096K), 4 survivors (4096K)
 Metaspace       used 81650K, capacity 83829K, committed 84048K, reserved 1122304K
  class space    used 10424K, capacity 11181K, committed 11264K, reserved 1048576K
}
Event: 132.856 GC heap before
{Heap before GC invocations=89 (full 0):
 garbage-first heap   total 183296K, used 125200K [0x00000000a0000000, 0x0000000100000000)
  region size 1024K, 47 young (48128K), 4 survivors (4096K)
 Metaspace       used 83714K, capacity 86155K, committed 86224K, reserved 1124352K
  class space    used 10750K, capacity 11604K, committed 11648K, reserved 1048576K
}
Event: 132.880 GC heap after
{Heap after GC invocations=90 (full 0):
 garbage-first heap   total 183296K, used 85054K [0x00000000a0000000, 0x0000000100000000)
  region size 1024K, 6 young (6144K), 6 survivors (6144K)
 Metaspace       used 83714K, capacity 86155K, committed 86224K, reserved 1124352K
  class space    used 10750K, capacity 11604K, committed 11648K, reserved 1048576K
}
Event: 135.966 GC heap before
{Heap before GC invocations=90 (full 0):
 garbage-first heap   total 183296K, used 130110K [0x00000000a0000000, 0x0000000100000000)
  region size 1024K, 50 young (51200K), 6 survivors (6144K)
 Metaspace       used 87441K, capacity 89840K, committed 90064K, reserved 1128448K
  class space    used 11262K, capacity 12140K, committed 12160K, reserved 1048576K
}
Event: 135.990 GC heap after
{Heap after GC invocations=91 (full 0):
 garbage-first heap   total 183296K, used 88598K [0x00000000a0000000, 0x0000000100000000)
  region size 1024K, 4 young (4096K), 4 survivors (4096K)
 Metaspace       used 87441K, capacity 89840K, committed 90064K, reserved 1128448K
  class space    used 11262K, capacity 12140K, committed 12160K, reserved 1048576K
}
Event: 140.075 GC heap before
{Heap before GC invocations=91 (full 0):
 garbage-first heap   total 183296K, used 134678K [0x00000000a0000000, 0x0000000100000000)
  region size 1024K, 49 young (50176K), 4 survivors (4096K)
 Metaspace       used 91792K, capacity 94358K, committed 94544K, reserved 1130496K
  class space    used 11823K, capacity 12752K, committed 12800K, reserved 1048576K
}
Event: 140.097 GC heap after
{Heap after GC invocations=92 (full 0):
 garbage-first heap   total 183296K, used 91646K [0x00000000a0000000, 0x0000000100000000)
  region size 1024K, 7 young (7168K), 7 survivors (7168K)
 Metaspace       used 91792K, capacity 94358K, committed 94544K, reserved 1130496K
  class space    used 11823K, capacity 12752K, committed 12800K, reserved 1048576K
}

