# JRE version: Java(TM) SE Runtime Environment (17.0.2+8) (build 17.0.2+8-LTS-86)
# Java VM: Java HotSpot(TM) 64-Bit Server VM (17.0.2+8-LTS-86, mixed mode, sharing, tiered, compressed oops, compressed class ptrs, g1 gc, windows-amd64)
GC Precious Log:
 CPUs: 4 total, 4 available
 Memory: 5084M
 Large Page Support: Disabled
 NUMA Support: Disabled
 Compressed Oops: Enabled (32-bit)
 Heap Region Size: 1M
 Heap Min Capacity: 8M
 Heap Initial Capacity: 80M
 Heap Max Capacity: 1536M
 Pre-touch: Disabled
 Parallel Workers: 4
 Concurrent Workers: 1
 Concurrent Refinement Workers: 4
 Periodic GC: Disabled
Heap:
 garbage-first heap   total 78848K, used 42343K [0x00000000a0000000, 0x0000000100000000)
  region size 1024K, 27 young (27648K), 4 survivors (4096K)
 Metaspace       used 27001K, committed 27264K, reserved 1073152K
  class space    used 3796K, committed 3904K, reserved 1048576K
GC Heap History (12 events):
Event: 1.869 GC heap before
{Heap before GC invocations=0 (full 0):
 garbage-first heap   total 81920K, used 16384K [0x00000000a0000000, 0x0000000100000000)
  region size 1024K, 13 young (13312K), 0 survivors (0K)
 Metaspace       used 956K, committed 1088K, reserved 1056768K
  class space    used 73K, committed 128K, reserved 1048576K
}
Event: 1.883 GC heap after
{Heap after GC invocations=1 (full 0):
 garbage-first heap   total 81920K, used 3720K [0x00000000a0000000, 0x0000000100000000)
  region size 1024K, 2 young (2048K), 2 survivors (2048K)
 Metaspace       used 956K, committed 1088K, reserved 1056768K
  class space    used 73K, committed 128K, reserved 1048576K
}
Event: 4.684 GC heap before
{Heap before GC invocations=1 (full 0):
 garbage-first heap   total 81920K, used 22152K [0x00000000a0000000, 0x0000000100000000)
  region size 1024K, 17 young (17408K), 2 survivors (2048K)
 Metaspace       used 3786K, committed 3968K, reserved 1056768K
  class space    used 475K, committed 576K, reserved 1048576K
}
Event: 4.694 GC heap after
{Heap after GC invocations=2 (full 0):
 garbage-first heap   total 81920K, used 9180K [0x00000000a0000000, 0x0000000100000000)
  region size 1024K, 3 young (3072K), 3 survivors (3072K)
 Metaspace       used 3786K, committed 3968K, reserved 1056768K
  class space    used 475K, committed 576K, reserved 1048576K
}
Event: 6.170 GC heap before
{Heap before GC invocations=2 (full 0):
 garbage-first heap   total 81920K, used 31708K [0x00000000a0000000, 0x0000000100000000)
  region size 1024K, 24 young (24576K), 3 survivors (3072K)
 Metaspace       used 3911K, committed 4096K, reserved 1056768K
  class space    used 477K, committed 576K, reserved 1048576K
}
Event: 6.180 GC heap after
{Heap after GC invocations=3 (full 0):
 garbage-first heap   total 81920K, used 12811K [0x00000000a0000000, 0x0000000100000000)
  region size 1024K, 3 young (3072K), 3 survivors (3072K)
 Metaspace       used 3911K, committed 4096K, reserved 1056768K
  class space    used 477K, committed 576K, reserved 1048576K
}
Event: 12.433 GC heap before
{Heap before GC invocations=3 (full 0):
 garbage-first heap   total 81920K, used 56843K [0x00000000a0000000, 0x0000000100000000)
  region size 1024K, 46 young (47104K), 3 survivors (3072K)
 Metaspace       used 12726K, committed 12992K, reserved 1064960K
  class space    used 1783K, committed 1920K, reserved 1048576K
}
Event: 12.448 GC heap after
{Heap after GC invocations=4 (full 0):
 garbage-first heap   total 81920K, used 17804K [0x00000000a0000000, 0x0000000100000000)
  region size 1024K, 6 young (6144K), 6 survivors (6144K)
 Metaspace       used 12726K, committed 12992K, reserved 1064960K
  class space    used 1783K, committed 1920K, reserved 1048576K
}
Event: 21.847 GC heap before
{Heap before GC invocations=4 (full 0):
 garbage-first heap   total 81920K, used 50572K [0x00000000a0000000, 0x0000000100000000)
  region size 1024K, 39 young (39936K), 6 survivors (6144K)
 Metaspace       used 18343K, committed 18624K, reserved 1064960K
  class space    used 2676K, committed 2816K, reserved 1048576K
}
Event: 21.861 GC heap after
{Heap after GC invocations=5 (full 0):
 garbage-first heap   total 81920K, used 19999K [0x00000000a0000000, 0x0000000100000000)
  region size 1024K, 3 young (3072K), 3 survivors (3072K)
 Metaspace       used 18343K, committed 18624K, reserved 1064960K
  class space    used 2676K, committed 2816K, reserved 1048576K
}
Event: 24.886 GC heap before
{Heap before GC invocations=5 (full 0):
 garbage-first heap   total 81920K, used 41503K [0x00000000a0000000, 0x0000000100000000)
  region size 1024K, 25 young (25600K), 3 survivors (3072K)
 Metaspace       used 21247K, committed 21504K, reserved 1073152K
  class space    used 3136K, committed 3264K, reserved 1048576K
}
Event: 24.893 GC heap after
{Heap after GC invocations=6 (full 0):
 garbage-first heap   total 81920K, used 20839K [0x00000000a0000000, 0x0000000100000000)
  region size 1024K, 4 young (4096K), 4 survivors (4096K)
 Metaspace       used 21247K, committed 21504K, reserved 1073152K
  class space    used 3136K, committed 3264K, reserved 1048576K
}

